e:\bitno\c++\posao\gamepires\breakout\x64\debug\vc142.pdb
e:\bitno\c++\posao\gamepires\breakout\x64\debug\vc142.idb
e:\bitno\c++\posao\gamepires\breakout\x64\debug\ldz_window.obj
e:\bitno\c++\posao\gamepires\breakout\x64\debug\tinyxml2.obj
e:\bitno\c++\posao\gamepires\breakout\x64\debug\source.obj
e:\bitno\c++\posao\gamepires\breakout\x64\debug\ldz_text.obj
e:\bitno\c++\posao\gamepires\breakout\x64\debug\ldz_palica.obj
e:\bitno\c++\posao\gamepires\breakout\x64\debug\ldz_renderer.obj
e:\bitno\c++\posao\gamepires\breakout\x64\debug\ldz_mixer.obj
e:\bitno\c++\posao\gamepires\breakout\x64\debug\ldz_loptica.obj
e:\bitno\c++\posao\gamepires\breakout\x64\debug\ldz_level.obj
e:\bitno\c++\posao\gamepires\breakout\x64\debug\ldz_collisionmanager.obj
e:\bitno\c++\posao\gamepires\breakout\x64\debug\breakout.exe
e:\bitno\c++\posao\gamepires\breakout\x64\debug\breakout.ilk
e:\bitno\c++\posao\gamepires\breakout\x64\debug\breakout.pdb
e:\bitno\c++\posao\gamepires\breakout\x64\debug\breakout.tlog\cl.command.1.tlog
e:\bitno\c++\posao\gamepires\breakout\x64\debug\breakout.tlog\cl.read.1.tlog
e:\bitno\c++\posao\gamepires\breakout\x64\debug\breakout.tlog\cl.write.1.tlog
e:\bitno\c++\posao\gamepires\breakout\x64\debug\breakout.tlog\link.command.1.tlog
e:\bitno\c++\posao\gamepires\breakout\x64\debug\breakout.tlog\link.read.1.tlog
e:\bitno\c++\posao\gamepires\breakout\x64\debug\breakout.tlog\link.write.1.tlog
