e:\bitno\c++\posao\gamepires\breakout\x64\release\breakout.ipdb
e:\bitno\c++\posao\gamepires\breakout\x64\release\breakout.iobj
e:\bitno\c++\posao\gamepires\breakout\x64\release\vc142.pdb
e:\bitno\c++\posao\gamepires\breakout\x64\release\ldz_window.obj
e:\bitno\c++\posao\gamepires\breakout\x64\release\tinyxml2.obj
e:\bitno\c++\posao\gamepires\breakout\x64\release\source.obj
e:\bitno\c++\posao\gamepires\breakout\x64\release\ldz_text.obj
e:\bitno\c++\posao\gamepires\breakout\x64\release\ldz_palica.obj
e:\bitno\c++\posao\gamepires\breakout\x64\release\ldz_renderer.obj
e:\bitno\c++\posao\gamepires\breakout\x64\release\ldz_mixer.obj
e:\bitno\c++\posao\gamepires\breakout\x64\release\ldz_loptica.obj
e:\bitno\c++\posao\gamepires\breakout\x64\release\ldz_level.obj
e:\bitno\c++\posao\gamepires\breakout\x64\release\ldz_collisionmanager.obj
e:\bitno\c++\posao\gamepires\breakout\x64\release\breakout.exe
e:\bitno\c++\posao\gamepires\breakout\x64\release\breakout.pdb
e:\bitno\c++\posao\gamepires\breakout\x64\release\breakout.tlog\breakout.write.1u.tlog
e:\bitno\c++\posao\gamepires\breakout\x64\release\breakout.tlog\cl.command.1.tlog
e:\bitno\c++\posao\gamepires\breakout\x64\release\breakout.tlog\cl.read.1.tlog
e:\bitno\c++\posao\gamepires\breakout\x64\release\breakout.tlog\cl.write.1.tlog
e:\bitno\c++\posao\gamepires\breakout\x64\release\breakout.tlog\link.command.1.tlog
e:\bitno\c++\posao\gamepires\breakout\x64\release\breakout.tlog\link.read.1.tlog
e:\bitno\c++\posao\gamepires\breakout\x64\release\breakout.tlog\link.write.1.tlog
